[21:55:05] [ServerMain/INFO]: [bootstrap] Running Java 21 (OpenJDK 64-Bit Server VM 21.0.4+7-LTS; Microsoft Microsoft-9889606) on Linux 6.5.0-1022-azure (amd64)
[21:55:05] [ServerMain/INFO]: [bootstrap] Loading Paper 1.21.1-40-master@2fdb2e9 (2024-08-21T01:35:33Z) for Minecraft 1.21.1
[21:55:05] [ServerMain/INFO]: [PluginInitializerManager] Initializing plugins...
[21:55:06] [ServerMain/INFO]: [PluginInitializerManager] Initialized 3 plugins
[21:55:06] [ServerMain/INFO]: [PluginInitializerManager] Bukkit plugins (3):
 - CleanPing (1.6.1), ViaBackwards (5.0.3), ViaVersion (5.0.3)
[21:55:13] [ServerMain/INFO]: Environment: Environment[sessionHost=https://sessionserver.mojang.com, servicesHost=https://api.minecraftservices.com, name=PROD]
[21:55:15] [ServerMain/INFO]: Loaded 1290 recipes
[21:55:16] [ServerMain/INFO]: Loaded 1399 advancements
[21:55:16] [Server thread/INFO]: Starting minecraft server version 1.21.1
[21:55:16] [Server thread/INFO]: Loading properties
[21:55:16] [Server thread/INFO]: This server is running Paper version 1.21.1-40-master@2fdb2e9 (2024-08-21T01:35:33Z) (Implementing API version 1.21.1-R0.1-SNAPSHOT)
[21:55:17] [Server thread/INFO]: [spark] This server bundles the spark profiler. For more information please visit https://docs.papermc.io/paper/profiling
[21:55:17] [Server thread/INFO]: Server Ping Player Sample Count: 12
[21:55:17] [Server thread/INFO]: Using 4 threads for Netty based IO
[21:55:18] [Server thread/INFO]: [ChunkTaskScheduler] Chunk system is using 1 I/O threads, 1 worker threads, and population gen parallelism of 1 threads
[21:55:19] [Server thread/INFO]: Default game type: SURVIVAL
[21:55:19] [Server thread/INFO]: Generating keypair
[21:55:19] [Server thread/INFO]: Starting Minecraft server on *:25565
[21:55:19] [Server thread/INFO]: Using epoll channel type
[21:55:19] [Server thread/INFO]: Paper: Using libdeflate (Linux x86_64) compression from Velocity.
[21:55:19] [Server thread/INFO]: Paper: Using OpenSSL 1.1.x (Linux x86_64) cipher from Velocity.
[21:55:21] [Server thread/INFO]: [ViaVersion] Loading server plugin ViaVersion v5.0.3
[21:55:21] [Server thread/INFO]: [ViaVersion] ViaVersion 5.0.3 is now loaded. Registering protocol transformers and injecting...
[21:55:23] [Via-Mappingloader-0/INFO]: [ViaVersion] Loading block connection mappings ...
[21:55:23] [Via-Mappingloader-0/INFO]: [ViaVersion] Using FastUtil Long2ObjectOpenHashMap for block connections
[21:55:25] [Server thread/INFO]: [ViaBackwards] Loading translations...
[21:55:25] [Server thread/INFO]: [ViaBackwards] Registering protocols...
[21:55:27] [Server thread/INFO]: [CleanPing] Loading server plugin CleanPing v1.6.1
[21:55:27] [Server thread/INFO]: [ViaBackwards] Loading server plugin ViaBackwards v5.0.3
[21:55:27] [Server thread/INFO]: Server permissions file permissions.yml is empty, ignoring it
[21:55:27] [Server thread/WARN]: **** SERVER IS RUNNING IN OFFLINE/INSECURE MODE!
[21:55:27] [Server thread/WARN]: The server will make no attempt to authenticate usernames. Beware.
[21:55:27] [Server thread/WARN]: Whilst this makes it possible to use BungeeCord, unless access to your server is properly restricted, it also opens up the ability for hackers to connect with any username they choose.
[21:55:27] [Server thread/WARN]: Please see http://www.spigotmc.org/wiki/firewall-guide/ for further information.
[21:55:27] [Server thread/WARN]: To change this, set "online-mode" to "true" in the server.properties file.
[21:55:27] [Server thread/INFO]: Preparing level "world"
[21:55:28] [Server thread/INFO]: Preparing start region for dimension minecraft:overworld
[21:55:30] [Server thread/INFO]: Time elapsed: 2314 ms
[21:55:30] [Server thread/INFO]: Preparing start region for dimension minecraft:the_nether
[21:55:30] [Server thread/INFO]: Time elapsed: 300 ms
[21:55:30] [Server thread/INFO]: Preparing start region for dimension minecraft:the_end
[21:55:31] [Server thread/INFO]: Time elapsed: 248 ms
[21:55:31] [Server thread/INFO]: [ViaVersion] Enabling ViaVersion v5.0.3
[21:55:31] [Server thread/INFO]: [ViaVersion] ViaVersion detected server version: 1.21 (767)
[21:55:31] [Server thread/INFO]: [CleanPing] Enabling CleanPing v1.6.1
[21:55:31] [Server thread/INFO]: [CleanPing] 
   ___ _                 ___ _           
  / __| |___ __ _ _ _   | _ (_)_ _  __ _ 
 | (__| / -_) _` | ' \  |  _/ | ' \/ _` |
  \___|_\___\__,_|_||_| |_| |_|_||_\__, |
                                   |___/ 

[21:55:31] [Server thread/INFO]: [CleanPing] Server version: 1.21.1-R0.1-SNAPSHOT
[21:55:31] [Server thread/INFO]: [CleanPing] Loading configuration...
[21:55:31] [Server thread/INFO]: [CleanPing] Loading commands...
[21:55:31] [Server thread/INFO]: [CleanPing] Metrics loaded successfully!
[21:55:31] [Server thread/INFO]: [CleanPing] Plugin successfully loaded!
[21:55:31] [Server thread/INFO]: [ViaBackwards] Enabling ViaBackwards v5.0.3
[21:55:31] [Server thread/INFO]: [spark] Starting background profiler...
[21:55:32] [Server thread/INFO]: Done preparing level "world" (4.796s)
[21:55:32] [Server thread/INFO]: Running delayed init tasks
[21:55:32] [Server thread/INFO]: Done (27.940s)! For help, type "help"
[21:55:32] [Server thread/INFO]: Timings Reset
[21:55:32] [Craft Scheduler Thread - 2 - ViaVersion/INFO]: [ViaVersion] Finished mapping loading, shutting down loader executor!
[21:56:01] [Server thread/INFO]: Checking version, please wait...
[21:56:02] [Thread-7/INFO]: This server is running Paper version 1.21.1-40-master@2fdb2e9 (2024-08-21T01:35:33Z) (Implementing API version 1.21.1-R0.1-SNAPSHOT)
You are running the latest version
[21:57:36] [Server thread/INFO]: Unknown or incomplete command, see below for error
bungee<--[HERE]
[21:57:38] [Server thread/INFO]: Server Plugins (3):
[21:57:38] [Server thread/INFO]: Bukkit Plugins:
[21:57:38] [Server thread/INFO]:  - CleanPing, ViaBackwards, ViaVersion
[22:10:20] [Server thread/INFO]: Checking version, please wait...
[22:10:21] [Thread-8/INFO]: This server is running Paper version 1.21.1-40-master@2fdb2e9 (2024-08-21T01:35:33Z) (Implementing API version 1.21.1-R0.1-SNAPSHOT)
You are running the latest version
[22:10:24] [Server thread/INFO]: ViaVersion 5.0.3
[22:10:24] [Server thread/INFO]: Commands:
[22:10:24] [Server thread/INFO]: /viaversion autoteam - Toggle automatically teaming to prevent colliding.
[22:10:24] [Server thread/INFO]: /viaversion player <name|*> - Shows connection information about one or all players.
[22:10:24] [Server thread/INFO]: /viaversion displayleaks <level> - Try to hunt memory leaks!
[22:10:24] [Server thread/INFO]: /viaversion reload - Reload the config from the disk.
[22:10:24] [Server thread/INFO]: /viaversion pps - Shows the packets per second of online players.
[22:10:24] [Server thread/INFO]: /viaversion dump - Dump information about your server, this is helpful if you report bugs.
[22:10:24] [Server thread/INFO]: /viaversion list - Shows lists of the versions from logged in players.
[22:10:24] [Server thread/INFO]: /viaversion dontbugme - Toggle checking for updates.
[22:10:24] [Server thread/INFO]: /viaversion debug - Toggle various debug modes.
[22:31:40] [Server thread/INFO]: Unknown or incomplete command, see below for error
eagler<--[HERE]
